<?xml version="1.0" encoding="UTF-8"?>
<testng-results ignored="0" total="1" passed="1" failed="0" skipped="0">
  <reporter-output>
  </reporter-output>
  <suite started-at="2024-02-20T13:09:59 BDT" name="Default suite" finished-at="2024-02-20T13:10:10 BDT" duration-ms="10671">
    <groups>
    </groups>
    <test started-at="2024-02-20T13:09:59 BDT" name="Default test" finished-at="2024-02-20T13:10:10 BDT" duration-ms="10671">
      <class name="rakibul.WindowOrTabHandling">
        <test-method is-config="true" signature="start()[pri:0, instance:rakibul.WindowOrTabHandling@771a660]" started-at="2024-02-20T13:09:56 BDT" name="start" finished-at="2024-02-20T13:09:59 BDT" duration-ms="2663" status="PASS">
          <reporter-output>
          </reporter-output>
        </test-method> <!-- start -->
        <test-method signature="tabWindowTest()[pri:0, instance:rakibul.WindowOrTabHandling@771a660]" started-at="2024-02-20T13:09:59 BDT" name="tabWindowTest" finished-at="2024-02-20T13:10:10 BDT" duration-ms="10641" status="PASS">
          <reporter-output>
          </reporter-output>
        </test-method> <!-- tabWindowTest -->
        <test-method is-config="true" signature="close()[pri:0, instance:rakibul.WindowOrTabHandling@771a660]" started-at="2024-02-20T13:10:10 BDT" name="close" finished-at="2024-02-20T13:10:10 BDT" duration-ms="255" status="PASS">
          <reporter-output>
          </reporter-output>
        </test-method> <!-- close -->
      </class> <!-- rakibul.WindowOrTabHandling -->
    </test> <!-- Default test -->
  </suite> <!-- Default suite -->
</testng-results>
